Calling target program-options parser
Adding interface s2-eth1 as port 1
Adding interface s2-eth2 as port 2
Adding interface s2-eth3 as port 3
Adding interface s2-eth4 as port 4
Adding interface s2-eth5 as port 5
Adding interface s2-eth6 as port 6
Adding interface s2-eth7 as port 7
I0522 23:59:55.068248093   23230 server_builder.cc:247]      Synchronous server. Num CQs: 1, Min pollers: 1, Max Pollers: 2147483647, CQ timeout (msec): 1000
Server listening on 0.0.0.0:50053
Thrift server was started
New connection
P4Runtime SetForwardingPipelineConfig
P4Runtime Write
device_id: 2
election_id {
  low: 1
}
updates {
  type: INSERT
  entity {
    table_entry {
      table_id: 33556778
      match {
        field_id: 1
        exact {
          value: "\000\001"
        }
      }
      action {
        action {
          action_id: 16783177
          params {
            param_id: 1
            value: "\000\000\000\000\002\000"
          }
          params {
            param_id: 2
            value: "\000\000\000\000\002\003"
          }
        }
      }
    }
  }
}
P4Runtime Write
device_id: 2
election_id {
  low: 1
}
updates {
  type: INSERT
  entity {
    table_entry {
      table_id: 33556778
      match {
        field_id: 1
        exact {
          value: "\000\002"
        }
      }
      action {
        action {
          action_id: 16783177
          params {
            param_id: 1
            value: "\000\000\000\000\002\000"
          }
          params {
            param_id: 2
            value: "\000\000\000\000\002\004"
          }
        }
      }
    }
  }
}
P4Runtime Write
device_id: 2
election_id {
  low: 1
}
updates {
  type: INSERT
  entity {
    table_entry {
      table_id: 33556778
      match {
        field_id: 1
        exact {
          value: "\000\003"
        }
      }
      action {
        action {
          action_id: 16783177
          params {
            param_id: 1
            value: "\000\000\000\000\002\000"
          }
          params {
            param_id: 2
            value: "\001\002\004\010\0262"
          }
        }
      }
    }
  }
}
P4Runtime Write
device_id: 2
election_id {
  low: 1
}
updates {
  type: INSERT
  entity {
    table_entry {
      table_id: 33598323
      action {
        action {
          action_id: 16839549
          params {
            param_id: 1
            value: "\n\000\002\000"
          }
          params {
            param_id: 2
            value: "\n\000\000\000"
          }
        }
      }
      is_default_action: true
    }
  }
}
P4Runtime Write
device_id: 2
election_id {
  low: 1
}
updates {
  type: INSERT
  entity {
    table_entry {
      table_id: 33590557
      action {
        action {
          action_id: 16799681
          params {
            param_id: 2
            value: "\000\000\214"
          }
          params {
            param_id: 1
            value: "\000\000=\t"
          }
        }
      }
      is_default_action: true
    }
  }
}
P4Runtime Write
device_id: 2
election_id {
  low: 1
}
updates {
  type: INSERT
  entity {
    table_entry {
      table_id: 33563172
      action {
        action {
          action_id: 16828881
          params {
            param_id: 1
            value: "\000\006@\000"
          }
        }
      }
      is_default_action: true
    }
  }
}
P4Runtime Write
device_id: 2
election_id {
  low: 1
}
updates {
  type: INSERT
  entity {
    table_entry {
      table_id: 33556778
      match {
        field_id: 1
        exact {
          value: "\000\004"
        }
      }
      action {
        action {
          action_id: 16783177
          params {
            param_id: 1
            value: "\000\000\000\000\002\000"
          }
          params {
            param_id: 2
            value: "\000\000\000\000\001\000"
          }
        }
      }
    }
  }
}
P4Runtime Write
device_id: 2
election_id {
  low: 1
}
updates {
  type: INSERT
  entity {
    table_entry {
      table_id: 33556778
      match {
        field_id: 1
        exact {
          value: "\000\005"
        }
      }
      action {
        action {
          action_id: 16783177
          params {
            param_id: 1
            value: "\000\000\000\000\002\000"
          }
          params {
            param_id: 2
            value: "\000\000\000\000\003\000"
          }
        }
      }
    }
  }
}
P4Runtime Write
device_id: 2
election_id {
  low: 1
}
updates {
  type: INSERT
  entity {
    table_entry {
      table_id: 33556778
      match {
        fi